ExoPlayer-r1.5.11/demo_ext/buildout/outputs/logs/manifest-merger-debug-report.txt
-- Merging decision tree log ---
manifest
ADDED from src/main/AndroidManifest.xml:17:1-54:12
	package
		ADDED from src/main/AndroidManifest.xml:19:5-52
	android:versionName
		ADDED from src/main/AndroidManifest.xml:21:5-33
		INJECTED from src/main/AndroidManifest.xml
		INJECTED from src/main/AndroidManifest.xml
	xmlns:tools
		ADDED from src/main/AndroidManifest.xml:18:5-51
	android:versionCode
		ADDED from src/main/AndroidManifest.xml:20:5-31
		INJECTED from src/main/AndroidManifest.xml
		INJECTED from src/main/AndroidManifest.xml
	xmlns:android
		ADDED from src/main/AndroidManifest.xml:17:11-69
	android:theme
		ADDED from src/main/AndroidManifest.xml:22:5-37
uses-permission#android.permission.INTERNET
ADDED from src/main/AndroidManifest.xml:24:3-64
	android:name
		ADDED from src/main/AndroidManifest.xml:24:20-62
uses-permission#android.permission.READ_EXTERNAL_STORAGE
ADDED from src/main/AndroidManifest.xml:25:3-77
	android:name
		ADDED from src/main/AndroidManifest.xml:25:20-75
uses-feature#0x00020000
ADDED from src/main/AndroidManifest.xml:27:3-65
MERGED from [ExoPlayer-r1.5.11:extension-vp9:unspecified] AndroidManifest.xml:24:5-54
	android:glEsVersion
		ADDED from src/main/AndroidManifest.xml:27:17-49
uses-sdk
ADDED from src/main/AndroidManifest.xml:29:3-70
MERGED from [ExoPlayer-r1.5.11:extension-opus:unspecified] AndroidManifest.xml:20:5-22:41
MERGED from [ExoPlayer-r1.5.11:extension-vp9:unspecified] AndroidManifest.xml:20:5-22:41
MERGED from [ExoPlayer-r1.5.11:extension-flac:unspecified] AndroidManifest.xml:20:5-22:41
MERGED from [ExoPlayer-r1.5.11:library:unspecified] AndroidManifest.xml:24:5-26:41
	android:targetSdkVersion
		ADDED from src/main/AndroidManifest.xml:29:39-68
		INJECTED from src/main/AndroidManifest.xml
		INJECTED from src/main/AndroidManifest.xml
	android:minSdkVersion
		ADDED from src/main/AndroidManifest.xml:29:13-38
		INJECTED from src/main/AndroidManifest.xml
		INJECTED from src/main/AndroidManifest.xml
application
ADDED from src/main/AndroidManifest.xml:31:3-52:17
	android:label
		ADDED from src/main/AndroidManifest.xml:33:7-39
	tools:ignore
		ADDED from src/main/AndroidManifest.xml:32:7-37
	android:allowBackup
		ADDED from src/main/AndroidManifest.xml:35:7-34
	android:icon
		ADDED from src/main/AndroidManifest.xml:36:7-43
	android:largeHeap
		ADDED from src/main/AndroidManifest.xml:34:7-31
activity#com.google.android.exoplayer.demo.ext.SampleChooserActivity
ADDED from src/main/AndroidManifest.xml:38:5-45:16
	android:label
		ADDED from src/main/AndroidManifest.xml:39:9-41
	android:configChanges
		ADDED from src/main/AndroidManifest.xml:40:9-47
	android:name
		ADDED from src/main/AndroidManifest.xml:38:15-89
intent-filter#android.intent.action.MAIN+android.intent.category.LAUNCHER
ADDED from src/main/AndroidManifest.xml:41:7-44:23
action#android.intent.action.MAIN
ADDED from src/main/AndroidManifest.xml:42:9-60
	android:name
		ADDED from src/main/AndroidManifest.xml:42:17-58
category#android.intent.category.LAUNCHER
ADDED from src/main/AndroidManifest.xml:43:9-68
	android:name
		ADDED from src/main/AndroidManifest.xml:43:19-66
activity#com.google.android.exoplayer.demo.ext.PlayerActivity
ADDED from src/main/AndroidManifest.xml:47:5-50:45
	android:label
		ADDED from src/main/AndroidManifest.xml:49:9-41
	android:configChanges
		ADDED from src/main/AndroidManifest.xml:48:9-70
	android:theme
		ADDED from src/main/AndroidManifest.xml:50:9-43
	android:name
		ADDED from src/main/AndroidManifest.xml:47:15-82